<?xml version="1.0" encoding="UTF-8"?>
<robot generator="Robot 6.0.2 (Python 3.11.0 on win32)" generated="20230128 14:53:21.192" rpa="false" schemaversion="3">
<suite id="s1" name="9 Zadanie" source="C:\Users\vdi-student\PycharmProjects\robot_basic_tmp\9_zadanie.robot">
<test id="s1-t1" name="Registration In Forum" line="11">
<kw name="Open Browser" library="SeleniumLibrary">
<arg>https://gotujmy.pl/forum/</arg>
<arg>Chrome</arg>
<doc>Opens a new browser instance to the optional ``url``.</doc>
<msg timestamp="20230128 14:53:21.686" level="INFO">Opening browser 'Chrome' to base url 'https://gotujmy.pl/forum/'.</msg>
<status status="PASS" starttime="20230128 14:53:21.685" endtime="20230128 14:53:25.224"/>
</kw>
<kw name="Run Keyword And Ignore Error" library="BuiltIn">
<arg>click button</arg>
<arg>//*[@id="tcf277-permisions-modal"]/div[3]/div/button[2]</arg>
<doc>Runs the given keyword with the given arguments and ignores possible error.</doc>
<kw name="Click Button" library="SeleniumLibrary">
<arg>//*[@id="tcf277-permisions-modal"]/div[3]/div/button[2]</arg>
<doc>Clicks the button identified by ``locator``.</doc>
<msg timestamp="20230128 14:53:25.226" level="INFO">Clicking button '//*[@id="tcf277-permisions-modal"]/div[3]/div/button[2]'.</msg>
<msg timestamp="20230128 14:53:25.527" level="INFO" html="true">&lt;/td&gt;&lt;/tr&gt;&lt;tr&gt;&lt;td colspan="3"&gt;&lt;a href="selenium-screenshot-44.png"&gt;&lt;img src="selenium-screenshot-44.png" width="800px"&gt;&lt;/a&gt;</msg>
<msg timestamp="20230128 14:53:25.527" level="FAIL">Button with locator '//*[@id="tcf277-permisions-modal"]/div[3]/div/button[2]' not found.</msg>
<status status="FAIL" starttime="20230128 14:53:25.225" endtime="20230128 14:53:25.529"/>
</kw>
<status status="PASS" starttime="20230128 14:53:25.225" endtime="20230128 14:53:25.530"/>
</kw>
<kw name="Click Element" library="SeleniumLibrary">
<arg>//*[@id="navTop"]/nav/ul[1]/li[2]/a</arg>
<doc>Click the element identified by ``locator``.</doc>
<msg timestamp="20230128 14:53:25.531" level="INFO">Clicking element '//*[@id="navTop"]/nav/ul[1]/li[2]/a'.</msg>
<msg timestamp="20230128 14:53:26.840" level="INFO" html="true">&lt;/td&gt;&lt;/tr&gt;&lt;tr&gt;&lt;td colspan="3"&gt;&lt;a href="selenium-screenshot-45.png"&gt;&lt;img src="selenium-screenshot-45.png" width="800px"&gt;&lt;/a&gt;</msg>
<msg timestamp="20230128 14:53:26.840" level="FAIL">ElementClickInterceptedException: Message: element click intercepted: Element &lt;a href="https://gotujmy.pl/rejestracja.html" rel="nofollow"&gt;...&lt;/a&gt; is not clickable at point (950, 24). Other element would receive the click: &lt;div class="tcf277-modal-overlay" id="tcf277-modal"&gt;...&lt;/div&gt;
  (Session info: chrome=109.0.5414.120)
Stacktrace:
Backtrace:
	(No symbol) [0x00786643]
	(No symbol) [0x0071BE21]
	(No symbol) [0x0061DA9D]
	(No symbol) [0x006592B2]
	(No symbol) [0x00656970]
	(No symbol) [0x00653E0B]
	(No symbol) [0x00652548]
	(No symbol) [0x00646B13]
	(No symbol) [0x0066FD7C]
	(No symbol) [0x0064641F]
	(No symbol) [0x006700D4]
	(No symbol) [0x00686B09]
	(No symbol) [0x0066FB76]
	(No symbol) [0x006449C1]
	(No symbol) [0x00645E5D]
	GetHandleVerifier [0x009FA142+2497106]
	GetHandleVerifier [0x00A285D3+2686691]
	GetHandleVerifier [0x00A2BB9C+2700460]
	GetHandleVerifier [0x00833B10+635936]
	(No symbol) [0x00724A1F]
	(No symbol) [0x0072A418]
	(No symbol) [0x0072A505]
	(No symbol) [0x0073508B]
	BaseThreadInitThunk [0x76FAFEF9+25]
	RtlGetAppContainerNamedObjectPath [0x77447BBE+286]
	RtlGetAppContainerNamedObjectPath [0x77447B8E+238]
</msg>
<status status="FAIL" starttime="20230128 14:53:25.530" endtime="20230128 14:53:26.843"/>
</kw>
<kw name="Run Keyword And Ignore Error" library="BuiltIn">
<arg>click button</arg>
<arg>//*[@id="tcf277-permisions-modal"]/div[3]/div/button[2]</arg>
<doc>Runs the given keyword with the given arguments and ignores possible error.</doc>
<status status="NOT RUN" starttime="20230128 14:53:26.844" endtime="20230128 14:53:26.844"/>
</kw>
<kw name="Capture Page Screenshot" library="SeleniumLibrary">
<doc>Takes a screenshot of the current page and embeds it into a log file.</doc>
<status status="NOT RUN" starttime="20230128 14:53:26.844" endtime="20230128 14:53:26.845"/>
</kw>
<status status="FAIL" starttime="20230128 14:53:21.683" endtime="20230128 14:53:26.845">ElementClickInterceptedException: Message: element click intercepted: Element &lt;a href="https://gotujmy.pl/rejestracja.html" rel="nofollow"&gt;...&lt;/a&gt; is not clickable at point (950, 24). Other element would receive the click: &lt;div class="tcf277-modal-overlay" id="tcf277-modal"&gt;...&lt;/div&gt;
  (Session info: chrome=109.0.5414.120)
Stacktrace:
Backtrace:
	(No symbol) [0x00786643]
	(No symbol) [0x0071BE21]
	(No symbol) [0x0061DA9D]
	(No symbol) [0x006592B2]
	(No symbol) [0x00656970]
	(No symbol) [0x00653E0B]
	(No symbol) [0x00652548]
	(No symbol) [0x00646B13]
	(No symbol) [0x0066FD7C]
	(No symbol) [0x0064641F]
	(No symbol) [0x006700D4]
	(No symbol) [0x00686B09]
	(No symbol) [0x0066FB76]
	(No symbol) [0x006449C1]
	(No symbol) [0x00645E5D]
	GetHandleVerifier [0x009FA142+2497106]
	GetHandleVerifier [0x00A285D3+2686691]
	GetHandleVerifier [0x00A2BB9C+2700460]
	GetHandleVerifier [0x00833B10+635936]
	(No symbol) [0x00724A1F]
	(No symbol) [0x0072A418]
	(No symbol) [0x0072A505]
	(No symbol) [0x0073508B]
	BaseThreadInitThunk [0x76FAFEF9+25]
	RtlGetAppContainerNamedObjectPath [0x77447BBE+286]
	RtlGetAppContainerNamedObjectPath [0x77447B8E+238]
</status>
</test>
<status status="FAIL" starttime="20230128 14:53:21.195" endtime="20230128 14:53:26.849"/>
</suite>
<statistics>
<total>
<stat pass="0" fail="1" skip="0">All Tests</stat>
</total>
<tag>
</tag>
<suite>
<stat pass="0" fail="1" skip="0" id="s1" name="9 Zadanie">9 Zadanie</stat>
</suite>
</statistics>
<errors>
</errors>
</robot>
